{
  "RSpec": {
    "coverage": {
      "/Users/RS/Desktop/projects/mod_3/droplet/droplet/app/models/user.rb": [
        1,
        1,
        2,
        2,
        2,
        2,
        2,
        2,
        2,
        null,
        null,
        null
      ],
      "/Users/RS/Desktop/projects/mod_3/droplet/droplet/app/controllers/application_controller.rb": [
        1,
        1,
        null,
        1,
        null,
        1,
        19,
        null,
        null,
        1,
        6,
        1,
        null,
        null,
        null
      ],
      "/Users/RS/Desktop/projects/mod_3/droplet/droplet/app/controllers/stations_controller.rb": [
        1,
        1,
        null,
        1,
        null,
        null,
        1,
        null,
        null
      ],
      "/Users/RS/Desktop/projects/mod_3/droplet/droplet/app/controllers/home_controller.rb": [
        1,
        null,
        1,
        null,
        null,
        null
      ],
      "/Users/RS/Desktop/projects/mod_3/droplet/droplet/app/controllers/dashboard_controller.rb": [
        1,
        1,
        1,
        null,
        null
      ],
      "/Users/RS/Desktop/projects/mod_3/droplet/droplet/app/controllers/sessions_controller.rb": [
        1,
        1,
        2,
        2,
        2,
        null,
        null,
        1,
        1,
        1,
        null,
        null
      ],
      "/Users/RS/Desktop/projects/mod_3/droplet/droplet/app/channels/application_cable/channel.rb": [
        0,
        0,
        0,
        0
      ],
      "/Users/RS/Desktop/projects/mod_3/droplet/droplet/app/channels/application_cable/connection.rb": [
        0,
        0,
        0,
        0
      ],
      "/Users/RS/Desktop/projects/mod_3/droplet/droplet/app/helpers/stations_helper.rb": [
        0,
        0,
        0,
        0,
        0,
        0,
        0,
        0,
        0,
        0,
        0,
        0,
        0,
        0,
        0,
        0,
        0,
        0,
        0,
        0,
        0,
        0,
        0,
        0,
        0,
        0,
        0,
        0,
        0,
        0,
        0,
        0,
        0,
        0,
        0,
        0,
        0,
        0,
        0,
        0,
        0,
        0,
        0,
        0,
        0,
        0,
        0,
        0,
        0,
        0,
        0,
        0,
        0,
        0,
        0,
        0,
        0,
        0,
        0,
        0,
        0,
        0,
        0,
        0,
        0,
        0,
        0,
        0,
        0,
        0,
        0,
        0,
        0,
        0,
        0,
        0,
        0,
        0,
        0,
        0
      ],
      "/Users/RS/Desktop/projects/mod_3/droplet/droplet/app/jobs/application_job.rb": [
        0,
        0
      ],
      "/Users/RS/Desktop/projects/mod_3/droplet/droplet/app/mailers/application_mailer.rb": [
        0,
        0,
        0,
        0
      ],
      "/Users/RS/Desktop/projects/mod_3/droplet/droplet/app/models/application_record.rb": [
        0,
        0,
        0
      ]
    },
    "timestamp": 1492641602
  }
}
